Thu Feb 3 11:46:04 CST 2005
6 0.4 -0.1 0.4 -0.1 -1.6 -0.4 -0.0
7 0.9 0.0 0.6 -0.7 -1.7 -0.5 -0.0
8 0.6 -0.2 0.3 -0.5 -2.0 0.6 -0.0
9 1.3 -0.1 0.2 -1.3 -2.5 0.5 -0.0
10 1.2 -0.3 -0.0 -1.1 -2.1 0.6 -0.0
11 1.6 -0.3 0.3 -1.5 -2.8 0.7 -0.0
12 1.3 -0.4 0.5 -1.1 -3.2 1.2 -0.0
13 1.6 -0.3 0.1 -1.5 -3.4 0.5 -0.0
14 2.5 -0.4 0.3 -2.5 -3.9 1.0 -0.0
15 2.2 -0.2 0.4 -2.1 -4.1 0.1 -0.0
16 2.7 -0.3 0.3 -2.7 -4.1 0.5 -0.0
17 2.0 -0.4 0.3 -1.9 -4.2 0.2 -0.0
18 2.0 -0.0 0.6 -1.9 -5.6 0.4 -0.0
19 2.7 -0.3 1.0 -2.5 -6.5 0.6 -0.0
20 2.5 -0.3 1.1 -2.2 -6.8 0.6 -0.0
21 2.1 -0.4 0.9 -1.8 -6.8 1.2 -0.0
22 2.5 -0.5 0.9 -2.3 -6.9 1.2 -0.0
23 2.9 -0.2 1.1 -2.6 -7.6 0.9 -0.0
24 2.8 -0.4 1.2 -2.5 -7.6 0.9 -0.0
25 2.8 -0.6 1.0 -2.5 -7.5 1.6 -0.0
26 3.0 -0.3 1.4 -2.7 -8.8 0.9 -0.0
27 2.7 -0.5 2.0 -1.7 -10.4 1.4 -0.0
28 3.1 -0.5 2.3 -2.1 -11.7 0.8 -0.0
29 3.0 -0.5 2.3 -1.9 -12.1 1.1 -0.1
30 2.9 -1.0 2.4 -1.4 -12.2 2.5 -0.1
31 3.2 -0.7 2.4 -2.0 -12.3 1.3 -0.1
32 3.2 -0.5 2.5 -1.9 -13.1 1.5 -0.1
33 3.7 -0.6 2.4 -2.8 -13.1 1.3 -0.1
34 4.5 -0.9 2.4 -3.7 -13.5 1.9 -0.1
35 4.4 -0.6 2.6 -3.6 -13.9 1.4 -0.1
36 4.1 -0.8 2.4 -3.3 -13.4 1.7 -0.1
37 4.4 -0.6 2.3 -3.7 -13.1 1.1 -0.1
38 4.9 -0.6 2.3 -4.3 -13.7 1.0 -0.1
39 5.0 -0.5 2.5 -4.3 -14.3 0.5 -0.0
40 5.6 -0.8 2.2 -5.0 -13.5 1.2 -0.1
41 5.5 -0.8 2.2 -4.9 -13.6 1.1 -0.1
42 5.7 -0.2 3.0 -4.8 -16.3 0.4 -0.0
43 9.3 -0.5 3.4 -8.6 -16.3 1.1 -0.0
44 11.1 -1.0 2.1 -10.9 -13.2 1.8 -0.1
45 9.2 -1.1 2.2 -8.9 -14.1 2.1 -0.1
