cmrglucose.c: (in function main)
cmrglucose.c:123:9: Buffer overflow possible with sprintf.  Recommend using
                       snprintf instead: sprintf
  Use of function that may lead to buffer overflow. (Use -bufferoverflowhigh to
  inhibit warning)
cmrglucose.c:291:41: Expression has undefined behavior (left operand uses
    errno, modified by right operand): pow((1 + k4 / (k2 + k3)), 2.) - 4 * k2 *
    k4 / pow(k2 + k3, 2.)
  Code has unspecified behavior. Order of evaluation of function parameters or
  subexpressions is not defined, so if a value is used and modified in
  different places not separated by a sequence point constraining evaluation
  order, then the result of the expression is unspecified. (Use -evalorder to
  inhibit warning)
cmrglucose.c:291:41: Expression has undefined behavior (left operand modifies
    errno, used by right operand): pow((1 + k4 / (k2 + k3)), 2.) - 4 * k2 * k4
    / pow(k2 + k3, 2.)
dcon1.c: (in function dcon1)
dcon1.c:66:69: Expression has undefined behavior (left operand uses errno,
    modified by right operand): y0 + kdx * dy / 12. + pow(kdx, 2.) * y0 / 24. +
    pow(kdx, 3.) * dy / 480.
dcon1.c:66:69: Expression has undefined behavior (left operand modifies errno,
    used by right operand): y0 + kdx * dy / 12. + pow(kdx, 2.) * y0 / 24. +
    pow(kdx, 3.) * dy / 480.

