expandor.c: (in function main)
expandor.c:124:4: Unrecognized identifier: read
  Identifier used in code has not been declared. (Use -unrecog to inhibit
  warning)
expandor.c:130:9: Unrecognized identifier: close
expandor.c:159:4: Unrecognized identifier: write
expand_or.c: (in function expand_or)
expand_or.c:45:11: Operand of ! is non-boolean (short int): !(set[pln][j][i])
  The operand of a boolean operator is not a boolean. Use +ptrnegate to allow !
  to be used on pointers. (Use -boolops to inhibit warning)
expand_or.c:50:11: Operands of || are non-boolean (short int):
                      set[pln][ja][i] || set[pln][jb][i]
expand_or.c:51:11: Right operand of || is non-boolean (short int):
                      set[pln][ja][i] || set[pln][jb][i] || set[pln][j][ia]
expand_or.c:51:30: Right operand of || is non-boolean (short int):
    set[pln][ja][i] || set[pln][jb][i] || set[pln][j][ia] || set[pln][j][ib]
expand_or.c:52:11: Right operand of || is non-boolean (short int):
    set[pln][ja][i] || set[pln][jb][i] || set[pln][j][ia] || set[pln][j][ib] ||
    set[pln][ja][ia]
expand_or.c:52:31: Right operand of || is non-boolean (short int):
    set[pln][ja][i] || set[pln][jb][i] || set[pln][j][ia] || set[pln][j][ib] ||
    set[pln][ja][ia] || set[pln][ja][ib]
expand_or.c:53:11: Right operand of || is non-boolean (short int):
    set[pln][ja][i] || set[pln][jb][i] || set[pln][j][ia] || set[pln][j][ib] ||
    set[pln][ja][ia] || set[pln][ja][ib] || set[pln][jb][ib]
expand_or.c:53:31: Right operand of || is non-boolean (short int):
    set[pln][ja][i] || set[pln][jb][i] || set[pln][j][ia] || set[pln][j][ib] ||
    set[pln][ja][ia] || set[pln][ja][ib] || set[pln][jb][ib] ||
    set[pln][jb][ia]

