t88mean.c: (in function main)
t88mean.c:481:2: Buffer overflow possible with sprintf.  Recommend using
                    snprintf instead: sprintf
  Use of function that may lead to buffer overflow. (Use -bufferoverflowhigh to
  inhibit warning)
t88mean.c:847:16: Unrecognized identifier: M_PI
  Identifier used in code has not been declared. (Use -unrecog to inhibit
  warning)
get_input_lists.c: (in function get_input_lists)
get_input_lists.c:148:73: Possibly null storage imgname[] passed as non-null
                             param: fprintf (..., imgname[j], ...)
  A possibly null pointer is passed as a parameter corresponding to a formal
  parameter with no /*@null@*/ annotation.  If NULL may be used for this
  parameter, add a /*@null@*/ annotation to the function parameter declaration.
  (Use -nullpass to inhibit warning)
   get_input_lists.c:120:16: Storage imgname[] may become null
get_input_lists.c:155:66: Format argument 2 to fprintf (%s) expects char * gets
                             char: sxrname[i]
  Type of parameter is not consistent with corresponding code in format string.
  (Use -formattype to inhibit warning)
   get_input_lists.c:155:57: Corresponding format code

