alignimg.c: (in function main)
alignimg.c:123:3: Clauses exit with mask referencing local storage in true
                     branch, unqualified static storage in false branch
  The state of a variable is different depending on which branch is taken. This
  means no annotation can sensibly be applied to the storage. (Use -branchstate
  to inhibit warning)
   alignimg.c:123:3: Storage mask becomes static
alignimg.c:215:10: Buffer overflow possible with sprintf.  Recommend using
                      snprintf instead: sprintf
  Use of function that may lead to buffer overflow. (Use -bufferoverflowhigh to
  inhibit warning)
alignimg.c:215:19: Possibly null storage dtype passed as non-null param:
                      sprintf (dtype, ...)
  A possibly null pointer is passed as a parameter corresponding to a formal
  parameter with no /*@null@*/ annotation.  If NULL may be used for this
  parameter, add a /*@null@*/ annotation to the function parameter declaration.
  (Use -nullpass to inhibit warning)
   alignimg.c:135:10: Storage dtype may become null
alignimg.c:224:60: Possibly null storage std_origname[0] passed as non-null
                      param: fprintf (..., std_origname[0], ...)
   alignimg.c:134:20: Storage std_origname[0] may become null
alignimg.c:230:29: Right operand of && is non-boolean (int):
                      j < nfiles && imagesexist
  The operand of a boolean operator is not a boolean. Use +ptrnegate to allow !
  to be used on pointers. (Use -boolops to inhibit warning)
alignimg.c:241:61: Possibly null storage origname[] passed as non-null param:
                      fprintf (..., origname[j], ...)
   alignimg.c:131:17: Storage origname[] may become null
alignimg.c:248:12: Buffer overflow possible with sprintf.  Recommend using
                      snprintf instead: sprintf
alignimg.c:250:12: Buffer overflow possible with sprintf.  Recommend using
                      snprintf instead: sprintf
alignimg.c:260:24: Operand of ! is non-boolean (int): !airexists
alignimg.c:260:8: Left operand of && is non-boolean (int):
                     imagesexist && !airexists
alignimg.c:263:13: Buffer overflow possible with sprintf.  Recommend using
                      snprintf instead: sprintf
alignimg.c:266:13: Buffer overflow possible with sprintf.  Recommend using
                      snprintf instead: sprintf

