ima2bshort.c: (in function main)
ima2bshort.c:128:4: Buffer overflow possible with sprintf.  Recommend using
                       snprintf instead: sprintf
  Use of function that may lead to buffer overflow. (Use -bufferoverflowhigh to
  inhibit warning)
ima2bshort.c:131:4: Buffer overflow possible with sprintf.  Recommend using
                       snprintf instead: sprintf
ima2bshort.c:137:13: Unrecognized identifier: U3Open
  Identifier used in code has not been declared. (Use -unrecog to inhibit
  warning)
ima2bshort.c:155:18: Unrecognized identifier: U3GetHeaderType
ima2bshort.c:187:18: Unrecognized identifier: U3GetDataType
ima2bshort.c:209:18: Unrecognized identifier: U3GetHeader
ima2bshort.c:244:18: Unrecognized identifier: U3ReadPixData
ima2bshort.c:258:5: Buffer overflow possible with sprintf.  Recommend using
                       snprintf instead: sprintf
ima2bshort.c:261:5: Buffer overflow possible with sprintf.  Recommend using
                       snprintf instead: sprintf
ima2bshort.c:264:5: Buffer overflow possible with sprintf.  Recommend using
                       snprintf instead: sprintf
ima2bshort.c:320:13: Unrecognized identifier: U3Close
ima2bshort.c:328:3: Buffer overflow possible with sprintf.  Recommend using
                       snprintf instead: sprintf

