ctheader.c: (in function get_usage)
ctheader.c:87:9: Unqualified static storage cmd_syntax returned as implicitly
                    only: cmd_syntax
  Static storage is transferred in an inconsistent way. (Use -statictrans to
  inhibit warning)
ctheader.c: (in function main)
ctheader.c:193:7: Operand of ! is non-boolean (int):
                     !isalldigits(argv[argc - 2])
  The operand of a boolean operator is not a boolean. Use +ptrnegate to allow !
  to be used on pointers. (Use -boolops to inhibit warning)
ctheader.c:200:7: Operand of ! is non-boolean (int):
                     !isalldigits(argv[argc - 1])
ctheader.c:222:3: Buffer overflow possible with sprintf.  Recommend using
                     snprintf instead: sprintf
  Use of function that may lead to buffer overflow. (Use -bufferoverflowhigh to
  inhibit warning)
ctheader.c:234:19: Possibly null storage fp_input passed as non-null param:
                      get_sspct_head (fp_input, ...)
  A possibly null pointer is passed as a parameter corresponding to a formal
  parameter with no /*@null@*/ annotation.  If NULL may be used for this
  parameter, add a /*@null@*/ annotation to the function parameter declaration.
  (Use -nullpass to inhibit warning)
   ctheader.c:223:19: Storage fp_input may become null
ctheader.c:234:70: Null storage passed as non-null param:
                      get_sspct_head (..., NULL, ...)
ctheader.c:234:76: Null storage passed as non-null param:
                      get_sspct_head (..., NULL, ...)
ctheader.c:262:4: Return value (type size_t) ignored: strftime(tmp, 9,...
  Result returned by function call is not used. If this is intended, can cast
  result to (void) to eliminate message. (Use -retvalother to inhibit warning)
ctheader.c:302:3: Buffer overflow possible with sprintf.  Recommend using
                     snprintf instead: sprintf
ctheader.c:308:4: Buffer overflow possible with sprintf.  Recommend using
                     snprintf instead: sprintf

