# Initial Files
# --------------
#	m710ho1.scn
#	m710tr2.atn
#	m710tr2l.scn
#	normalwob_980716.nrm

makeWobbleAttn m710tr2.atn m710tr2_wob.atn
rnwproc -r -f 2 m710ho1.scn 
recon_2dtr hp710tr2 m710tr2l 1 0.5 2.0
recon_2dwob hp710ho1 m710ho1_rn m710tr2_wob normalwob_980716 1 0.5 2.0

					HP		Sun
makeWobbleAttn 		0:05	0:04
rnwproc 			0:19	0:16
recon_2dtr 			0:30	0:33
recon_2dwob 		1:57	1:22

Images (key to prefixes):
	ct	scanner	(petsun11)
	hp	HPUX	(pethp2)
	mn	SunOS	(petsun13)
	m	Solaris (npggw)

