Tue Jul 21 16:55:08 CDT 1998
Use defaults_get_integer
Processing m710tr2.atn   1   1  1 0  0
Processing m710tr2.atn   1   2  1 0  0
Processing m710tr2.atn   1   3  1 0  0
Processing m710tr2.atn   1   4  1 0  0
Processing m710tr2.atn   1   5  1 0  0
Processing m710tr2.atn   1   6  1 0  0
Processing m710tr2.atn   1   7  1 0  0
Processing m710tr2.atn   1   8  1 0  0
Processing m710tr2.atn   1   9  1 0  0
Processing m710tr2.atn   1  10  1 0  0
Processing m710tr2.atn   1  11  1 0  0
Processing m710tr2.atn   1  12  1 0  0
Processing m710tr2.atn   1  13  1 0  0
Processing m710tr2.atn   1  14  1 0  0
Processing m710tr2.atn   1  15  1 0  0
Processing m710tr2.atn   1  16  1 0  0
Processing m710tr2.atn   1  17  1 0  0
Processing m710tr2.atn   1  18  1 0  0
Processing m710tr2.atn   1  19  1 0  0
Processing m710tr2.atn   1  20  1 0  0
Processing m710tr2.atn   1  21  1 0  0
Processing m710tr2.atn   1  22  1 0  0
Processing m710tr2.atn   1  23  1 0  0
Processing m710tr2.atn   1  24  1 0  0
Processing m710tr2.atn   1  25  1 0  0
Processing m710tr2.atn   1  26  1 0  0
Processing m710tr2.atn   1  27  1 0  0
Processing m710tr2.atn   1  28  1 0  0
Processing m710tr2.atn   1  29  1 0  0
Processing m710tr2.atn   1  30  1 0  0
Processing m710tr2.atn   1  31  1 0  0
Tue Jul 21 16:55:12 CDT 1998
pln: 1
pln: 2
pln: 3
pln: 4
pln: 5
pln: 6
pln: 7
pln: 8
pln: 9
pln: 10
pln: 11
pln: 12
pln: 13
pln: 14
pln: 15
pln: 16
pln: 17
pln: 18
pln: 19
pln: 20
pln: 21
pln: 22
pln: 23
pln: 24
pln: 25
pln: 26
pln: 27
pln: 28
pln: 29
pln: 30
pln: 31
Tue Jul 21 16:55:28 CDT 1998
m710tr2l.scn,1,1,1,0,0
m710tr2l.scn,1,2,1,0,0
m710tr2l.scn,1,3,1,0,0
m710tr2l.scn,1,4,1,0,0
m710tr2l.scn,1,5,1,0,0
m710tr2l.scn,1,6,1,0,0
m710tr2l.scn,1,7,1,0,0
m710tr2l.scn,1,8,1,0,0
m710tr2l.scn,1,9,1,0,0
m710tr2l.scn,1,10,1,0,0
m710tr2l.scn,1,11,1,0,0
m710tr2l.scn,1,12,1,0,0
m710tr2l.scn,1,13,1,0,0
m710tr2l.scn,1,14,1,0,0
m710tr2l.scn,1,15,1,0,0
m710tr2l.scn,1,16,1,0,0
m710tr2l.scn,1,17,1,0,0
m710tr2l.scn,1,18,1,0,0
m710tr2l.scn,1,19,1,0,0
m710tr2l.scn,1,20,1,0,0
m710tr2l.scn,1,21,1,0,0
m710tr2l.scn,1,22,1,0,0
m710tr2l.scn,1,23,1,0,0
m710tr2l.scn,1,24,1,0,0
m710tr2l.scn,1,25,1,0,0
m710tr2l.scn,1,26,1,0,0
m710tr2l.scn,1,27,1,0,0
m710tr2l.scn,1,28,1,0,0
m710tr2l.scn,1,29,1,0,0
m710tr2l.scn,1,30,1,0,0
m710tr2l.scn,1,31,1,0,0
Tue Jul 21 16:56:01 CDT 1998
m710ho1_rn.scn,1,1,1,0,0
m710ho1_rn.scn,1,2,1,0,0
m710ho1_rn.scn,1,3,1,0,0
m710ho1_rn.scn,1,4,1,0,0
m710ho1_rn.scn,1,5,1,0,0
m710ho1_rn.scn,1,6,1,0,0
m710ho1_rn.scn,1,7,1,0,0
m710ho1_rn.scn,1,8,1,0,0
m710ho1_rn.scn,1,9,1,0,0
m710ho1_rn.scn,1,10,1,0,0
m710ho1_rn.scn,1,11,1,0,0
m710ho1_rn.scn,1,12,1,0,0
m710ho1_rn.scn,1,13,1,0,0
m710ho1_rn.scn,1,14,1,0,0
m710ho1_rn.scn,1,15,1,0,0
m710ho1_rn.scn,1,16,1,0,0
m710ho1_rn.scn,1,17,1,0,0
m710ho1_rn.scn,1,18,1,0,0
m710ho1_rn.scn,1,19,1,0,0
m710ho1_rn.scn,1,20,1,0,0
m710ho1_rn.scn,1,21,1,0,0
m710ho1_rn.scn,1,22,1,0,0
m710ho1_rn.scn,1,23,1,0,0
m710ho1_rn.scn,1,24,1,0,0
m710ho1_rn.scn,1,25,1,0,0
m710ho1_rn.scn,1,26,1,0,0
m710ho1_rn.scn,1,27,1,0,0
m710ho1_rn.scn,1,28,1,0,0
m710ho1_rn.scn,1,29,1,0,0
m710ho1_rn.scn,1,30,1,0,0
m710ho1_rn.scn,1,31,1,0,0
Tue Jul 21 16:57:58 CDT 1998
