# Initial Files
# --------------
#	m710ho1.scn
#	m710tr2.atn
#	m710tr2l.scn
#	normalwob_980716.nrm

# Solaris
# --------------
date
makeWobbleAttn m710tr2.atn m710tr2_wob.atn
date
rnwproc -r -f 2 m710ho1.scn 
date

# HPUX
# --------------
#recon_2dtr hp710tr2 m710tr2l 1 0.5 2.0
#recon_2dwob hp710ho1 m710ho1_rn m710tr2_wob normalwob_980716 1 0.5 2.0

# SunOS
# --------------
#recon_2dtr mn710tr2 m710tr2l 1 0.5 2.0
#recon_2dwob mn710ho1 m710ho1_rn m710tr2_wob normalwob_980716 1 0.5 2.0

# Solaris
# --------------
recon_2dtr m710tr2 m710tr2l 1 0.5 2.0
date
recon_2dwob m710ho1 m710ho1_rn m710tr2_wob normalwob_980716 1 0.5 2.0
date

gauss hp710ho1.img 0.5
gauss mn710ho1.img 0.5
gauss m710ho1.img  0.5
