tse2analyze.c: (in function main)
tse2analyze.c:195:3: Buffer overflow possible with sprintf.  Recommend using
                        snprintf instead: sprintf
  Use of function that may lead to buffer overflow. (Use -bufferoverflowhigh to
  inhibit warning)
tse2analyze.c:201:12: Unrecognized identifier: U3Open
  Identifier used in code has not been declared. (Use -unrecog to inhibit
  warning)
tse2analyze.c:218:12: Unrecognized identifier: U3GetHeaderType
tse2analyze.c:247:12: Unrecognized identifier: U3GetDataType
tse2analyze.c:270:12: Unrecognized identifier: U3GetHeader
tse2analyze.c:306:12: Unrecognized identifier: U3ReadPixData
tse2analyze.c:321:4: Buffer overflow possible with sprintf.  Recommend using
                        snprintf instead: sprintf
tse2analyze.c:324:4: Buffer overflow possible with sprintf.  Recommend using
                        snprintf instead: sprintf
tse2analyze.c:327:4: Buffer overflow possible with sprintf.  Recommend using
                        snprintf instead: sprintf
tse2analyze.c:488:12: Unrecognized identifier: U3Close
tse2analyze.c:501:3: Buffer overflow possible with sprintf.  Recommend using
                        snprintf instead: sprintf
tse2analyze.c:609:3: Clauses exit with DataBuffer referencing fresh storage in
    one possible execution, local storage in other possible execution
  The state of a variable is different depending on which branch is taken. This
  means no annotation can sensibly be applied to the storage. (Use -branchstate
  to inhibit warning)
   tse2analyze.c:596:9: Fresh storage DataBuffer created

