xbp.c: (in function xbp_)
xbp.c:6:40: Parameter nproj not used
  A function parameter is not used in the body of the function. If the argument
  is needed for type compatibility or future plans, use /*@unused@*/ in the
  argument declaration. (Use -paramuse to inhibit warning)
xdcork.c: (in function xdcork_)
xdcork.c:20:9: Function xdcor_ shadows outer declaration
  An outer declaration is shadowed by the local declaration. (Use -shadow to
  inhibit warning)
   xdcor.c:7:7: Previous definition of xdcor_:
   [function (float [], float [], float [], long int *, long int *) returns
   void]
xvmovi.c: (in function xvmovi_)
xvmovi.c:10:9: Function xvmov_ shadows outer declaration
   xvmov.c:7:7: Previous definition of xvmov_:
   [function (float [], float [], long int *, long int *, long int *) returns
   void]
xvneg.c: (in function xvneg_)
xvneg.c:16:9: Expression has undefined behavior (left operand uses yy, modified
                 by right operand): *yy = -*++yy
  Code has unspecified behavior. Order of evaluation of function parameters or
  subexpressions is not defined, so if a value is used and modified in
  different places not separated by a sequence point constraining evaluation
  order, then the result of the expression is unspecified. (Use -evalorder to
  inhibit warning)
xvsbx.c: (in function xvsbx_)
xvsbx.c:17:9: Expression has undefined behavior (left operand uses yy, modified
                 by right operand): *yy = *++uu - *++yy
xfcf.c: (in function xftr4f)
xfcf.c:56:14: Right operand of << may be negative (long int): 1 << (k - 1)
  The right operand to a shift operator may be negative (behavior undefined).
  (Use -shiftnegative to inhibit warning)
xfci.c: (in function xftr4i)
xfci.c:76:12: Right operand of << may be negative (long int): 1 << (k - 1)
xfrf.c: (in function xfrf_)
xfrf.c:56:7: Function xfcf_ shadows outer declaration
   xfcf.c:168:8: Previous definition of xfcf_:
   [function (complex [], complex [], long int *) returns void]
xfri.c: (in function xfri_)
xfri.c:22:9: Function xfci_ shadows outer declaration
   xfci.c:9:9: Previous definition of xfci_:
   [function (complex [], complex [], long int *) returns void]

