tsei2analyze.c: (in function main)
tsei2analyze.c:184:11: Buffer overflow possible with sprintf.  Recommend using
                          snprintf instead: sprintf
  Use of function that may lead to buffer overflow. (Use -bufferoverflowhigh to
  inhibit warning)
tsei2analyze.c:188:10: Buffer overflow possible with sprintf.  Recommend using
                          snprintf instead: sprintf
tsei2analyze.c:194:12: Unrecognized identifier: U3Open
  Identifier used in code has not been declared. (Use -unrecog to inhibit
  warning)
tsei2analyze.c:211:12: Unrecognized identifier: U3GetHeaderType
tsei2analyze.c:240:12: Unrecognized identifier: U3GetDataType
tsei2analyze.c:263:12: Unrecognized identifier: U3GetHeader
tsei2analyze.c:299:12: Unrecognized identifier: U3ReadPixData
tsei2analyze.c:314:11: Buffer overflow possible with sprintf.  Recommend using
                          snprintf instead: sprintf
tsei2analyze.c:317:11: Buffer overflow possible with sprintf.  Recommend using
                          snprintf instead: sprintf
tsei2analyze.c:320:11: Buffer overflow possible with sprintf.  Recommend using
                          snprintf instead: sprintf
tsei2analyze.c:479:12: Unrecognized identifier: U3Close

