airdif_ana2d.c: (in function main)
airdif_ana2d.c:90:29: Expression has undefined behavior (left operand uses
    errno, modified by right operand): acos(dmat[1][1]) + acos(dmat[2][2])
  Code has unspecified behavior. Order of evaluation of function parameters or
  subexpressions is not defined, so if a value is used and modified in
  different places not separated by a sequence point constraining evaluation
  order, then the result of the expression is unspecified. (Use -evalorder to
  inhibit warning)
airdif_ana2d.c:90:29: Expression has undefined behavior (left operand modifies
    errno, used by right operand): acos(dmat[1][1]) + acos(dmat[2][2])
airdif_ana2d.c:90:48: Expression has undefined behavior (left operand uses
    errno, modified by right operand): acos(dmat[1][1]) + acos(dmat[2][2]) +
    asin(dmat[1][2])
airdif_ana2d.c:90:48: Expression has undefined behavior (left operand modifies
    errno, used by right operand): acos(dmat[1][1]) + acos(dmat[2][2]) +
    asin(dmat[1][2])
airdif_ana2d.c:90:67: Expression has undefined behavior (left operand uses
    errno, modified by right operand): acos(dmat[1][1]) + acos(dmat[2][2]) +
    asin(dmat[1][2]) - asin(dmat[2][1])
airdif_ana2d.c:90:67: Expression has undefined behavior (left operand modifies
    errno, used by right operand): acos(dmat[1][1]) + acos(dmat[2][2]) +
    asin(dmat[1][2]) - asin(dmat[2][1])
airdif_ana2d.c:194:58: Unrecognized identifier: M_PI
  Identifier used in code has not been declared. (Use -unrecog to inhibit
  warning)
airdif_ana2d.c:16:17: File static variable rcsid declared but not used
  A variable is declared but never used. Use /*@unused@*/ in front of
  declaration to suppress message. (Use -varuse to inhibit warning)
air.h:12:17: File static variable rcsid_air declared but not used
ptdist_2d.c:13:17: File static variable rcsid declared but not used
read_air.c:33:17: File static variable rcsid declared but not used

