butterworth.c: (in function main)
butterworth.c:109:9: Buffer overflow possible with sprintf.  Recommend using
                        snprintf instead: sprintf
  Use of function that may lead to buffer overflow. (Use -bufferoverflowhigh to
  inhibit warning)
butterworth.c:211:25: Expression has undefined behavior (left operand uses
    errno, modified by right operand): pow(fx, 2.0) + pow(fy, 2.0)
  Code has unspecified behavior. Order of evaluation of function parameters or
  subexpressions is not defined, so if a value is used and modified in
  different places not separated by a sequence point constraining evaluation
  order, then the result of the expression is unspecified. (Use -evalorder to
  inhibit warning)
butterworth.c:211:25: Expression has undefined behavior (left operand modifies
    errno, used by right operand): pow(fx, 2.0) + pow(fy, 2.0)
butterworth.c:211:41: Expression has undefined behavior (left operand uses
    errno, modified by right operand): pow(fx, 2.0) + pow(fy, 2.0) + pow(fz,
    2.0)
butterworth.c:211:41: Expression has undefined behavior (left operand modifies
    errno, used by right operand): pow(fx, 2.0) + pow(fy, 2.0) + pow(fz, 2.0)
butterworth.c:217:24: Expression has undefined behavior (left operand uses
    errno, modified by right operand): pow(fx, 2.0) + pow(fy, 2.0)
butterworth.c:217:24: Expression has undefined behavior (left operand modifies
    errno, used by right operand): pow(fx, 2.0) + pow(fy, 2.0)
butterworth.c:217:40: Expression has undefined behavior (left operand uses
    errno, modified by right operand): pow(fx, 2.0) + pow(fy, 2.0) + pow(fz,
    2.0)
butterworth.c:217:40: Expression has undefined behavior (left operand modifies
    errno, used by right operand): pow(fx, 2.0) + pow(fy, 2.0) + pow(fz, 2.0)
butterworth.c:71:7: Parameter argc not used
  A function parameter is not used in the body of the function. If the argument
  is needed for type compatibility or future plans, use /*@unused@*/ in the
  argument declaration. (Use -paramuse to inhibit warning)

