merge_dynecat.c: (in function main)
merge_dynecat.c:63:9: Buffer overflow possible with sprintf.  Recommend using
                         snprintf instead: sprintf
  Use of function that may lead to buffer overflow. (Use -bufferoverflowhigh to
  inhibit warning)
merge_dynecat.c:84:9: Buffer overflow possible with sprintf.  Recommend using
                         snprintf instead: sprintf
merge_dynecat.c:144:2: Storage file1->p6 is kept in one path, but live in
                          another.
  The state of a variable is different depending on which branch is taken. This
  means no annotation can sensibly be applied to the storage. (Use -branchstate
  to inhibit warning)
   merge_dynecat.c:140:3: Storage file1->p6 becomes kept
merge_dynecat.c:144:2: Storage file1->m6->mh is kept in one path, but live in
                          another.
   merge_dynecat.c:136:3: Storage file1->m6->mh becomes kept
merge_dynecat.c:144:2: Storage file1->m6->sh is kept in one path, but live in
                          another.
   merge_dynecat.c:137:3: Storage file1->m6->sh becomes kept
merge_dynecat.c:144:2: Storage file1->m7->mh is kept in one path, but live in
                          another.
   merge_dynecat.c:131:3: Storage file1->m7->mh becomes kept
merge_dynecat.c:144:2: Storage file1->m7->sh is kept in one path, but live in
                          another.
   merge_dynecat.c:132:3: Storage file1->m7->sh becomes kept
merge_dynecat.c:168:11: Buffer overflow possible with sprintf.  Recommend using
                           snprintf instead: sprintf

