            98  0.0000  40.0  WELLF=  1.0000 T0=11.23 K1= 0.250 E=.105 NSMO= 2  din1b               
      1.0           0.0
      2.0           0.0
      3.0          22.7
      4.0          71.3
      5.0         461.3
      6.0        2109.0
      7.0        6230.9
      8.0       13232.0
      9.0       21535.4
     10.0       27893.1
     11.0       30192.7
     12.0       29003.3
     13.0       26200.6
     14.0       24011.5
     15.0       23517.4
     16.0       23639.3
     17.0       23517.2
     18.0       23487.0
     19.0       23591.2
     20.0       23367.9
     21.0       22802.9
     22.0       22858.2
     23.0       23754.5
     24.0       24283.3
     25.0       24121.9
     26.0       24146.7
     27.0       24655.6
     28.0       24945.2
     29.0       24666.3
     30.0       24304.6
     31.0       24009.9
     32.0       24044.5
     33.0       24747.0
     34.0       25055.3
     35.0       24619.5
     36.0       24864.5
     37.0       25553.7
     38.0       25323.1
     39.0       24874.3
     40.0       25068.4
     41.0       25078.1
     42.0       24660.0
     43.0       24358.9
     44.0       24397.3
     45.0       25075.4
     46.0       25606.1
     47.0       24920.9
     48.0       24536.7
     49.0       25215.8
     50.0       24917.9
     51.0       23990.4
     52.0       24472.4
     53.0       25707.6
     54.0       26119.9
     55.0       25758.5
     56.0       25527.1
     57.0       25387.0
     58.0       24989.8
     59.0       25146.8
     60.0       25805.5
     61.0       25494.1
     62.0       24402.1
     63.0       24110.4
     64.0       24404.9
     65.0       22833.7
     66.0       18151.4
     67.0       12284.5
     68.0        7212.7
     69.0        3623.5
     70.0        1999.8
     71.0        1468.5
     72.0         830.7
     73.0         264.4
     74.0           0.0
     75.0           0.0
     76.0           0.0
     77.0           0.0
     78.0           0.0
     79.0           0.0
     80.0          46.8
     81.0         353.5
     82.0         322.5
     83.0          39.5
     84.0          20.7
     85.0           0.0
     86.0           0.0
     87.0           0.0
     88.0           0.0
     89.0          18.2
     90.0          57.4
     91.0          70.3
     92.0          69.9
     93.0          62.7
     94.0          52.4
     95.0          41.2
     96.0          30.5
     97.0          21.4
     98.0          13.6
