           156  0.0000  39.0  WELLF=  1.0000 T0=11.16 K1= 0.273 E=.067 NSMO= 2  din2a               
      1.0          53.0
      2.0           9.6
      3.0           0.0
      4.0           0.0
      5.0           3.3
      6.0          10.1
      7.0           9.9
      8.0          10.6
      9.0          12.8
     10.0          10.9
     11.0          11.7
     12.0           7.5
     13.0           0.0
     14.0           0.0
     15.0           0.0
     16.0           0.0
     17.0           4.8
     18.0          12.4
     19.0          10.8
     20.0           1.3
     21.0           0.0
     22.0           0.2
     23.0           7.2
     24.0           2.4
     25.0          11.5
     26.0         193.0
     27.0        1211.4
     28.0        4392.5
     29.0       10715.5
     30.0       19379.2
     31.0       27376.5
     32.0       31470.8
     33.0       31610.4
     34.0       30538.8
     35.0       29780.5
     36.0       29095.2
     37.0       28713.5
     38.0       28783.4
     39.0       28839.9
     40.0       28708.4
     41.0       28225.5
     42.0       27778.6
     43.0       27865.1
     44.0       27868.8
     45.0       27802.6
     46.0       28257.5
     47.0       28553.6
     48.0       28120.6
     49.0       27618.2
     50.0       27522.7
     51.0       27769.3
     52.0       28155.4
     53.0       28218.9
     54.0       28009.3
     55.0       28101.1
     56.0       28358.8
     57.0       28263.9
     58.0       27974.7
     59.0       27788.8
     60.0       27780.5
     61.0       28132.8
     62.0       28332.4
     63.0       27810.4
     64.0       27432.1
     65.0       27621.3
     66.0       27555.9
     67.0       27550.1
     68.0       28286.3
     69.0       28693.6
     70.0       28148.5
     71.0       27786.4
     72.0       27958.7
     73.0       28233.4
     74.0       28616.0
     75.0       28802.9
     76.0       28532.9
     77.0       28139.9
     78.0       27881.3
     79.0       27610.1
     80.0       27467.7
     81.0       27869.9
     82.0       28318.3
     83.0       28230.6
     84.0       28266.9
     85.0       28686.0
     86.0       28412.0
     87.0       26581.9
     88.0       22709.6
     89.0       16733.7
     90.0       10527.0
     91.0        6337.6
     92.0        4000.6
     93.0        2351.1
     94.0        1144.1
     95.0         258.6
     96.0           0.0
     97.0           0.0
     98.0           0.0
     99.0           0.0
    100.0           0.0
    101.0           0.0
    102.0           0.0
    103.0           0.0
    104.0           0.0
    105.0           0.0
    106.0           0.0
    107.0           0.0
    108.0         123.5
    109.0         295.1
    110.0         295.7
    111.0         186.8
    112.0         142.7
    113.0         178.5
    114.0         165.4
    115.0         108.9
    116.0         106.4
    117.0         116.7
    118.0          84.7
    119.0          56.6
    120.0          46.4
    121.0          50.0
    122.0          80.9
    123.0          97.1
    124.0          55.5
    125.0           0.0
    126.0           1.2
    127.0          39.7
    128.0          44.0
    129.0          24.1
    130.0          25.9
    131.0          31.1
    132.0          41.1
    133.0          60.7
    134.0          39.2
    135.0           3.3
    136.0          20.0
    137.0          42.5
    138.0          11.9
    139.0           0.0
    140.0          38.3
    141.0          53.3
    142.0          11.0
    143.0           0.0
    144.0           0.0
    145.0           0.0
    146.0           0.0
    147.0           0.0
    148.0           0.0
    149.0           0.0
    150.0           0.0
    151.0           0.1
    152.0           0.7
    153.0           1.0
    154.0           1.1
    155.0           1.2
    156.0           1.4
