           204  0.0000  32.0  WELLF=  1.0000 T0=10.73 K1= 0.263 E=.079 NSMO= 2  din3                
      1.0           6.9
      2.0          17.4
      3.0           4.2
      4.0           0.0
      5.0           0.0
      6.0           0.0
      7.0           0.0
      8.0           0.0
      9.0           0.0
     10.0           0.0
     11.0           0.0
     12.0           2.0
     13.0           6.0
     14.0           5.5
     15.0           7.6
     16.0          18.1
     17.0          13.3
     18.0           0.0
     19.0           0.0
     20.0          13.7
     21.0          10.0
     22.0           0.0
     23.0           0.0
     24.0           6.4
     25.0          10.2
     26.0           0.4
     27.0           0.0
     28.0           0.0
     29.0           0.0
     30.0           1.3
     31.0           5.6
     32.0           8.7
     33.0          10.6
     34.0           7.1
     35.0           1.2
     36.0           5.7
     37.0          16.7
     38.0          21.1
     39.0           8.4
     40.0           0.0
     41.0           0.0
     42.0           0.0
     43.0           0.0
     44.0           0.0
     45.0           2.6
     46.0           2.0
     47.0           0.0
     48.0           0.0
     49.0           0.0
     50.0           0.0
     51.0           0.0
     52.0           0.0
     53.0           0.0
     54.0           0.0
     55.0           0.1
     56.0           0.9
     57.0           0.7
     58.0           2.2
     59.0           7.4
     60.0           9.0
     61.0           8.7
     62.0          13.4
     63.0          17.3
     64.0          18.1
     65.0          18.1
     66.0          12.2
     67.0           6.7
     68.0           7.9
     69.0           6.7
     70.0           7.9
     71.0          10.2
     72.0           0.2
     73.0           0.0
     74.0           7.6
     75.0          14.6
     76.0           8.4
     77.0           1.4
     78.0           0.0
     79.0           0.0
     80.0           9.1
     81.0          16.2
     82.0           3.6
     83.0           0.0
     84.0           0.0
     85.0          14.0
     86.0          69.0
     87.0         414.6
     88.0        1736.8
     89.0        4894.8
     90.0        9785.8
     91.0       14644.9
     92.0       17710.1
     93.0       18996.4
     94.0       19300.6
     95.0       18900.5
     96.0       18276.2
     97.0       18107.4
     98.0       18223.3
     99.0       18079.4
    100.0       17584.5
    101.0       17305.0
    102.0       17525.8
    103.0       17549.2
    104.0       17134.6
    105.0       16726.9
    106.0       16605.9
    107.0       16886.0
    108.0       17397.7
    109.0       17830.5
    110.0       17804.6
    111.0       17250.4
    112.0       16902.6
    113.0       17182.2
    114.0       17367.9
    115.0       17149.1
    116.0       17156.3
    117.0       17313.7
    118.0       17138.3
    119.0       16898.9
    120.0       16970.7
    121.0       17221.4
    122.0       17412.0
    123.0       17713.6
    124.0       18158.1
    125.0       18048.9
    126.0       17322.2
    127.0       17105.2
    128.0       17615.2
    129.0       17819.1
    130.0       17473.2
    131.0       17262.8
    132.0       17340.6
    133.0       17258.9
    134.0       17023.9
    135.0       17221.6
    136.0       17812.3
    137.0       17856.9
    138.0       17217.8
    139.0       16735.2
    140.0       16962.2
    141.0       17549.8
    142.0       17598.3
    143.0       17370.8
    144.0       17224.0
    145.0       16730.9
    146.0       16507.4
    147.0       16494.1
    148.0       15385.0
    149.0       12679.6
    150.0        8670.0
    151.0        4718.0
    152.0        2239.9
    153.0        1132.9
    154.0         708.8
    155.0         441.6
    156.0         109.4
    157.0           0.0
    158.0           0.0
    159.0           0.0
    160.0           0.0
    161.0           0.0
    162.0           0.0
    163.0           0.0
    164.0           0.0
    165.0           0.0
    166.0           0.0
    167.0          11.8
    168.0         114.8
    169.0         172.2
    170.0         139.1
    171.0         143.2
    172.0         152.4
    173.0          96.2
    174.0          77.7
    175.0          99.6
    176.0          96.8
    177.0          67.5
    178.0          25.0
    179.0           4.7
    180.0           3.2
    181.0           0.0
    182.0          10.2
    183.0          29.7
    184.0          30.4
    185.0           7.3
    186.0           0.0
    187.0          27.1
    188.0          40.3
    189.0          19.1
    190.0          15.0
    191.0          32.6
    192.0           7.1
    193.0           0.0
    194.0           0.0
    195.0           0.0
    196.0           0.0
    197.0           0.0
    198.0           0.0
    199.0           0.0
    200.0           0.2
    201.0           0.5
    202.0           0.8
    203.0           0.9
    204.0           1.1
