           156  0.0000  26.0  WELLF=  1.0000 T0=10.35 K1= 0.196 E=.157 NSMO= 2  din4a               
      1.0           0.0
      2.0           0.0
      3.0           0.0
      4.0           4.6
      5.0           0.0
      6.0           0.0
      7.0           0.0
      8.0           5.8
      9.0          30.7
     10.0          41.0
     11.0           8.6
     12.0           0.0
     13.0           0.0
     14.0           0.0
     15.0           0.0
     16.0           0.0
     17.0           2.8
     18.0           0.0
     19.0           0.0
     20.0           0.0
     21.0           0.0
     22.0           0.0
     23.0           0.0
     24.0           1.8
     25.0          10.9
     26.0          72.1
     27.0         572.3
     28.0        2477.1
     29.0        6767.8
     30.0       13150.5
     31.0       19311.0
     32.0       22867.7
     33.0       23818.1
     34.0       23463.0
     35.0       22708.1
     36.0       21908.9
     37.0       21116.1
     38.0       20700.6
     39.0       20736.2
     40.0       20486.8
     41.0       19890.1
     42.0       19390.4
     43.0       18974.1
     44.0       19130.4
     45.0       19992.1
     46.0       20519.1
     47.0       20159.8
     48.0       19325.5
     49.0       19102.3
     50.0       19724.6
     51.0       20039.3
     52.0       20067.4
     53.0       20255.6
     54.0       20052.6
     55.0       19732.1
     56.0       19985.4
     57.0       20486.3
     58.0       20732.0
     59.0       20751.0
     60.0       20540.8
     61.0       20039.5
     62.0       19627.0
     63.0       19802.1
     64.0       20427.7
     65.0       20724.8
     66.0       20627.8
     67.0       20649.7
     68.0       20394.6
     69.0       19817.6
     70.0       19961.3
     71.0       20682.2
     72.0       20690.2
     73.0       20063.1
     74.0       19943.4
     75.0       20572.7
     76.0       21177.4
     77.0       21119.9
     78.0       20659.4
     79.0       20424.9
     80.0       20447.9
     81.0       20280.6
     82.0       19985.8
     83.0       20089.3
     84.0       20643.6
     85.0       21077.9
     86.0       21101.8
     87.0       20594.1
     88.0       18670.5
     89.0       14655.6
     90.0        9159.9
     91.0        4077.7
     92.0        1239.2
     93.0         421.8
     94.0          53.1
     95.0           0.0
     96.0           0.0
     97.0           0.0
     98.0           0.0
     99.0           0.0
    100.0           0.0
    101.0           0.0
    102.0           0.0
    103.0          53.4
    104.0          25.9
    105.0          55.4
    106.0          83.9
    107.0         144.7
    108.0         215.2
    109.0         243.7
    110.0         262.8
    111.0         246.5
    112.0         155.5
    113.0          52.2
    114.0           0.0
    115.0           0.0
    116.0          19.8
    117.0          77.9
    118.0          97.9
    119.0          70.5
    120.0          51.7
    121.0          39.2
    122.0          10.7
    123.0           0.0
    124.0           0.0
    125.0           0.0
    126.0           0.0
    127.0           0.0
    128.0           0.1
    129.0          14.7
    130.0          27.1
    131.0          51.7
    132.0          57.1
    133.0          18.8
    134.0           0.0
    135.0          10.3
    136.0          22.7
    137.0          10.2
    138.0           0.0
    139.0           0.0
    140.0           9.4
    141.0          10.4
    142.0           0.0
    143.0           0.0
    144.0           0.0
    145.0           0.0
    146.0           0.0
    147.0           0.0
    148.0           0.0
    149.0           0.7
    150.0           1.0
    151.0           1.1
    152.0           1.2
    153.0           1.3
    154.0           1.2
    155.0           1.0
    156.0           0.6
