peaksearch.c: (in function main)
peaksearch.c:84:9: Buffer overflow possible with sprintf.  Recommend using
                      snprintf instead: sprintf
  Use of function that may lead to buffer overflow. (Use -bufferoverflowhigh to
  inhibit warning)
peaksearch.c:142:71: Expression has undefined behavior (left operand uses
    sqrarg, modified by right operand): ((sqrarg = ((k - x0) * szt)) == 0.0 ?
    0.0 : sqrarg * sqrarg) + ((sqrarg = ((j - y0) * szt)) == 0.0 ? 0.0 :
    sqrarg * sqrarg)
  Code has unspecified behavior. Order of evaluation of function parameters or
  subexpressions is not defined, so if a value is used and modified in
  different places not separated by a sequence point constraining evaluation
  order, then the result of the expression is unspecified. (Use -evalorder to
  inhibit warning)
peaksearch.c:142:71: Expression has undefined behavior (left operand modifies
    sqrarg, used by right operand): ((sqrarg = ((k - x0) * szt)) == 0.0 ? 0.0 :
    sqrarg * sqrarg) + ((sqrarg = ((j - y0) * szt)) == 0.0 ? 0.0 :
    sqrarg * sqrarg)
peaksearch.c:142:130: Expression has undefined behavior (left operand uses
    sqrarg, modified by right operand): ((sqrarg = ((k - x0) * szt)) == 0.0 ?
    0.0 : sqrarg * sqrarg) + ((sqrarg = ((j - y0) * szt)) == 0.0 ? 0.0 :
    sqrarg * sqrarg) + ((sqrarg = ((i - z0) * sza)) == 0.0 ? 0.0 :
    sqrarg * sqrarg)
peaksearch.c:142:130: Expression has undefined behavior (left operand modifies
    sqrarg, used by right operand): ((sqrarg = ((k - x0) * szt)) == 0.0 ? 0.0 :
    sqrarg * sqrarg) + ((sqrarg = ((j - y0) * szt)) == 0.0 ? 0.0 :
    sqrarg * sqrarg) + ((sqrarg = ((i - z0) * sza)) == 0.0 ? 0.0 :
    sqrarg * sqrarg)
peaksearch.c:162:26: Unrecognized identifier: M_PI
  Identifier used in code has not been declared. (Use -unrecog to inhibit
  warning)
peaksearch.c:247:73: Expression has undefined behavior (left operand uses
    sqrarg, modified by right operand): ((sqrarg = ((k - x0) * szt)) == 0.0 ?
    0.0 : sqrarg * sqrarg) + ((sqrarg = ((j - y0) * szt)) == 0.0 ? 0.0 :
    sqrarg * sqrarg)
peaksearch.c:247:73: Expression has undefined behavior (left operand modifies
    sqrarg, used by right operand): ((sqrarg = ((k - x0) * szt)) == 0.0 ? 0.0 :
    sqrarg * sqrarg) + ((sqrarg = ((j - y0) * szt)) == 0.0 ? 0.0 :
    sqrarg * sqrarg)
peaksearch.c:247:132: Expression has undefined behavior (left operand uses
    sqrarg, modified by right operand): ((sqrarg = ((k - x0) * szt)) == 0.0 ?
    0.0 : sqrarg * sqrarg) + ((sqrarg = ((j - y0) * szt)) == 0.0 ? 0.0 :
    sqrarg * sqrarg) + ((sqrarg = ((i - z0) * sza)) == 0.0 ? 0.0 :
    sqrarg * sqrarg)
peaksearch.c:247:132: Expression has undefined behavior (left operand modifies
    sqrarg, used by right operand): ((sqrarg = ((k - x0) * szt)) == 0.0 ? 0.0 :
    sqrarg * sqrarg) + ((sqrarg = ((j - y0) * szt)) == 0.0 ? 0.0 :
    sqrarg * sqrarg) + ((sqrarg = ((i - z0) * sza)) == 0.0 ? 0.0 :
    sqrarg * sqrarg)

