smooth3d.c: (in function main)
smooth3d.c:87:9: Buffer overflow possible with sprintf.  Recommend using
                    snprintf instead: sprintf
  Use of function that may lead to buffer overflow. (Use -bufferoverflowhigh to
  inhibit warning)
smooth3d.c:155:74: Expression has undefined behavior (left operand uses
    dsqrarg, modified by right operand): ((dsqrarg = ((k - x0) * szt)) == 0.0 ?
    0.0 : dsqrarg * dsqrarg) + ((dsqrarg = ((j - y0) * szt)) == 0.0 ? 0.0 :
    dsqrarg * dsqrarg)
  Code has unspecified behavior. Order of evaluation of function parameters or
  subexpressions is not defined, so if a value is used and modified in
  different places not separated by a sequence point constraining evaluation
  order, then the result of the expression is unspecified. (Use -evalorder to
  inhibit warning)
smooth3d.c:155:74: Expression has undefined behavior (left operand modifies
    dsqrarg, used by right operand): ((dsqrarg = ((k - x0) * szt)) == 0.0 ? 0.0
    : dsqrarg * dsqrarg) + ((dsqrarg = ((j - y0) * szt)) == 0.0 ? 0.0 :
    dsqrarg * dsqrarg)
smooth3d.c:155:136: Expression has undefined behavior (left operand uses
    dsqrarg, modified by right operand): ((dsqrarg = ((k - x0) * szt)) == 0.0 ?
    0.0 : dsqrarg * dsqrarg) + ((dsqrarg = ((j - y0) * szt)) == 0.0 ? 0.0 :
    dsqrarg * dsqrarg) + ((dsqrarg = ((i - z0) * sza)) == 0.0 ? 0.0 :
    dsqrarg * dsqrarg)
smooth3d.c:155:136: Expression has undefined behavior (left operand modifies
    dsqrarg, used by right operand): ((dsqrarg = ((k - x0) * szt)) == 0.0 ? 0.0
    : dsqrarg * dsqrarg) + ((dsqrarg = ((j - y0) * szt)) == 0.0 ? 0.0 :
    dsqrarg * dsqrarg) + ((dsqrarg = ((i - z0) * sza)) == 0.0 ? 0.0 :
    dsqrarg * dsqrarg)

