gauss.c: (in function main)
gauss.c:120:9: Buffer overflow possible with sprintf.  Recommend using snprintf
                  instead: sprintf
  Use of function that may lead to buffer overflow. (Use -bufferoverflowhigh to
  inhibit warning)
gauss.c:216:20: Expression has undefined behavior (left operand uses errno,
                   modified by right operand): -log(2.0) / pow(f0, 2.0)
  Code has unspecified behavior. Order of evaluation of function parameters or
  subexpressions is not defined, so if a value is used and modified in
  different places not separated by a sequence point constraining evaluation
  order, then the result of the expression is unspecified. (Use -evalorder to
  inhibit warning)
gauss.c:216:20: Expression has undefined behavior (left operand modifies errno,
                   used by right operand): -log(2.0) / pow(f0, 2.0)
gauss.c:229:25: Expression has undefined behavior (left operand uses errno,
                   modified by right operand): pow(fx, 2.0) + pow(fy, 2.0)
gauss.c:229:25: Expression has undefined behavior (left operand modifies errno,
                   used by right operand): pow(fx, 2.0) + pow(fy, 2.0)
gauss.c:229:41: Expression has undefined behavior (left operand uses errno,
    modified by right operand): pow(fx, 2.0) + pow(fy, 2.0) + pow(fz, 2.0)
gauss.c:229:41: Expression has undefined behavior (left operand modifies errno,
    used by right operand): pow(fx, 2.0) + pow(fy, 2.0) + pow(fz, 2.0)
gauss.c:235:24: Expression has undefined behavior (left operand uses errno,
                   modified by right operand): pow(fx, 2.0) + pow(fy, 2.0)
gauss.c:235:24: Expression has undefined behavior (left operand modifies errno,
                   used by right operand): pow(fx, 2.0) + pow(fy, 2.0)
gauss.c:235:40: Expression has undefined behavior (left operand uses errno,
    modified by right operand): pow(fx, 2.0) + pow(fy, 2.0) + pow(fz, 2.0)
gauss.c:235:40: Expression has undefined behavior (left operand modifies errno,
    used by right operand): pow(fx, 2.0) + pow(fy, 2.0) + pow(fz, 2.0)

