mriseq2analyze.c: (in function main)
mriseq2analyze.c:119:20: Possibly null storage ptr passed as non-null param:
                            strncpy (..., ptr, ...)
  A possibly null pointer is passed as a parameter corresponding to a formal
  parameter with no /*@null@*/ annotation.  If NULL may be used for this
  parameter, add a /*@null@*/ annotation to the function parameter declaration.
  (Use -nullpass to inhibit warning)
   mriseq2analyze.c:117:8: Storage ptr may become null
mriseq2analyze.c:122:25: Possibly null storage ptr passed as non-null param:
                            strncpy (..., ptr, ...)
   mriseq2analyze.c:120:8: Storage ptr may become null
mriseq2analyze.c:171:3: Buffer overflow possible with sprintf.  Recommend using
                           snprintf instead: sprintf
  Use of function that may lead to buffer overflow. (Use -bufferoverflowhigh to
  inhibit warning)
mriseq2analyze.c:174:3: Buffer overflow possible with sprintf.  Recommend using
                           snprintf instead: sprintf
mriseq2analyze.c:182:12: Unrecognized identifier: U3Open
  Identifier used in code has not been declared. (Use -unrecog to inhibit
  warning)
mriseq2analyze.c:199:17: Unrecognized identifier: U3GetHeaderType
mriseq2analyze.c:227:17: Unrecognized identifier: U3GetDataType
mriseq2analyze.c:249:17: Unrecognized identifier: U3GetHeader
mriseq2analyze.c:284:17: Unrecognized identifier: U3ReadPixData
mriseq2analyze.c:298:4: Buffer overflow possible with sprintf.  Recommend using
                           snprintf instead: sprintf
mriseq2analyze.c:301:4: Buffer overflow possible with sprintf.  Recommend using
                           snprintf instead: sprintf
mriseq2analyze.c:304:4: Buffer overflow possible with sprintf.  Recommend using
                           snprintf instead: sprintf
mriseq2analyze.c:435:12: Unrecognized identifier: U3Close

